<?xml version="1.0" encoding="UTF-8"?>
<!-- Generated by org.testng.reporters.JUnitXMLReporter -->
<testsuite ignored="2" hostname="Lenovo-A" failures="0" tests="2" name="Test" time="88.461" errors="0" timestamp="2022-03-25T00:03:47 IST">
  <testcase classname="crm.OrgContTest.CreateContInduTest" name="createOrgIndAnnotationTest" time="50.426"/>
  <testcase classname="crm.ProdVendTest.CreateProductTest" name="productCreateTest" time="15.254"/>
  <testcase classname="crm.GenricUtilities.BaseUtility" name="@AfterSuite dbDisConnection" time="0.0">
    <ignored/>
  </testcase> <!-- @AfterSuite dbDisConnection -->
  <testcase classname="crm.GenricUtilities.BaseUtility" name="@BeforeSuite dbConnection" time="0.0">
    <ignored/>
  </testcase> <!-- @BeforeSuite dbConnection -->
</testsuite> <!-- Test -->
