<?xml version="1.0" encoding="UTF-8"?>
<testng-results ignored="0" total="1" passed="1" failed="0" skipped="0">
  <reporter-output>
  </reporter-output>
  <suite started-at="2022-03-24T11:46:33 IST" name="Default suite" finished-at="2022-03-24T11:47:34 IST" duration-ms="61356">
    <groups>
    </groups>
    <test started-at="2022-03-24T11:46:33 IST" name="Default test" finished-at="2022-03-24T11:47:34 IST" duration-ms="61356">
      <class name="crm.OrgContTest.CreateContInduTest">
        <test-method is-config="true" signature="dbConnection()[pri:0, instance:crm.OrgContTest.CreateContInduTest@7c711375]" started-at="2022-03-24T11:46:33 IST" name="dbConnection" finished-at="2022-03-24T11:46:33 IST" duration-ms="9" status="PASS">
          <reporter-output>
          </reporter-output>
        </test-method> <!-- dbConnection -->
        <test-method is-config="true" signature="openBrowser()[pri:0, instance:crm.OrgContTest.CreateContInduTest@7c711375]" started-at="2022-03-24T11:46:33 IST" name="openBrowser" finished-at="2022-03-24T11:46:36 IST" duration-ms="3188" status="PASS">
          <reporter-output>
          </reporter-output>
        </test-method> <!-- openBrowser -->
        <test-method is-config="true" signature="loginProcess()[pri:0, instance:crm.OrgContTest.CreateContInduTest@7c711375]" started-at="2022-03-24T11:46:36 IST" name="loginProcess" finished-at="2022-03-24T11:46:41 IST" duration-ms="4650" status="PASS">
          <reporter-output>
          </reporter-output>
        </test-method> <!-- loginProcess -->
        <test-method signature="createOrgIndAnnotationTest()[pri:0, instance:crm.OrgContTest.CreateContInduTest@7c711375]" started-at="2022-03-24T11:46:41 IST" name="createOrgIndAnnotationTest" finished-at="2022-03-24T11:47:32 IST" duration-ms="51640" status="PASS">
          <reporter-output>
          </reporter-output>
        </test-method> <!-- createOrgIndAnnotationTest -->
        <test-method is-config="true" signature="logoutProcess()[pri:0, instance:crm.OrgContTest.CreateContInduTest@7c711375]" started-at="2022-03-24T11:47:32 IST" name="logoutProcess" finished-at="2022-03-24T11:47:34 IST" duration-ms="1625" status="PASS">
          <reporter-output>
          </reporter-output>
        </test-method> <!-- logoutProcess -->
        <test-method is-config="true" signature="closeBrowser()[pri:0, instance:crm.OrgContTest.CreateContInduTest@7c711375]" started-at="2022-03-24T11:47:34 IST" name="closeBrowser" finished-at="2022-03-24T11:47:34 IST" duration-ms="197" status="PASS">
          <reporter-output>
          </reporter-output>
        </test-method> <!-- closeBrowser -->
        <test-method is-config="true" signature="dbDisConnection()[pri:0, instance:crm.OrgContTest.CreateContInduTest@7c711375]" started-at="2022-03-24T11:47:34 IST" name="dbDisConnection" finished-at="2022-03-24T11:47:34 IST" duration-ms="1" status="PASS">
          <reporter-output>
          </reporter-output>
        </test-method> <!-- dbDisConnection -->
      </class> <!-- crm.OrgContTest.CreateContInduTest -->
    </test> <!-- Default test -->
  </suite> <!-- Default suite -->
</testng-results>
