<?xml version="1.0" encoding="UTF-8"?>
<testng-results ignored="2" total="4" passed="2" failed="0" skipped="0">
  <reporter-output>
  </reporter-output>
  <suite started-at="2022-03-25T00:02:18 IST" name="Suite" finished-at="2022-03-25T00:03:47 IST" duration-ms="88461">
    <groups>
      <group name="ST">
        <method signature="CreateContInduTest.createOrgIndAnnotationTest()[pri:0, instance:crm.OrgContTest.CreateContInduTest@4738a206]" name="createOrgIndAnnotationTest" class="crm.OrgContTest.CreateContInduTest"/>
        <method signature="CreateProductTest.productCreateTest()[pri:0, instance:crm.ProdVendTest.CreateProductTest@4fb3ee4e]" name="productCreateTest" class="crm.ProdVendTest.CreateProductTest"/>
      </group> <!-- ST -->
      <group name="RT">
        <method signature="CreateContInduTest.createOrgIndAnnotationTest()[pri:0, instance:crm.OrgContTest.CreateContInduTest@4738a206]" name="createOrgIndAnnotationTest" class="crm.OrgContTest.CreateContInduTest"/>
        <method signature="CreateProductTest.productCreateTest()[pri:0, instance:crm.ProdVendTest.CreateProductTest@4fb3ee4e]" name="productCreateTest" class="crm.ProdVendTest.CreateProductTest"/>
      </group> <!-- RT -->
    </groups>
    <test started-at="2022-03-25T00:02:18 IST" name="Test" finished-at="2022-03-25T00:03:47 IST" duration-ms="88461">
      <class name="crm.OrgContTest.CreateContInduTest">
        <test-method is-config="true" signature="dbConnection()[pri:0, instance:crm.OrgContTest.CreateContInduTest@4738a206]" started-at="2022-03-25T00:02:18 IST" name="dbConnection" finished-at="2022-03-25T00:02:18 IST" duration-ms="14" status="PASS">
          <reporter-output>
          </reporter-output>
        </test-method> <!-- dbConnection -->
        <test-method is-config="true" signature="openBrowser()[pri:0, instance:crm.OrgContTest.CreateContInduTest@4738a206]" started-at="2022-03-25T00:02:19 IST" name="openBrowser" finished-at="2022-03-25T00:02:24 IST" duration-ms="5579" status="PASS">
          <reporter-output>
          </reporter-output>
        </test-method> <!-- openBrowser -->
        <test-method is-config="true" signature="loginProcess()[pri:0, instance:crm.OrgContTest.CreateContInduTest@4738a206]" started-at="2022-03-25T00:02:24 IST" name="loginProcess" finished-at="2022-03-25T00:02:31 IST" duration-ms="6389" status="PASS">
          <reporter-output>
          </reporter-output>
        </test-method> <!-- loginProcess -->
        <test-method signature="createOrgIndAnnotationTest()[pri:0, instance:crm.OrgContTest.CreateContInduTest@4738a206]" started-at="2022-03-25T00:02:31 IST" name="createOrgIndAnnotationTest" finished-at="2022-03-25T00:03:21 IST" duration-ms="50426" status="PASS">
          <reporter-output>
          </reporter-output>
        </test-method> <!-- createOrgIndAnnotationTest -->
        <test-method is-config="true" signature="logoutProcess()[pri:0, instance:crm.OrgContTest.CreateContInduTest@4738a206]" started-at="2022-03-25T00:03:21 IST" name="logoutProcess" finished-at="2022-03-25T00:03:23 IST" duration-ms="1774" status="PASS">
          <reporter-output>
          </reporter-output>
        </test-method> <!-- logoutProcess -->
        <test-method is-config="true" signature="closeBrowser()[pri:0, instance:crm.OrgContTest.CreateContInduTest@4738a206]" started-at="2022-03-25T00:03:23 IST" name="closeBrowser" finished-at="2022-03-25T00:03:23 IST" duration-ms="173" status="PASS">
          <reporter-output>
          </reporter-output>
        </test-method> <!-- closeBrowser -->
        <test-method is-config="true" signature="dbDisConnection()[pri:0, instance:crm.OrgContTest.CreateContInduTest@4738a206]" started-at="2022-03-25T00:03:47 IST" name="dbDisConnection" finished-at="2022-03-25T00:03:47 IST" duration-ms="1" status="PASS">
          <reporter-output>
          </reporter-output>
        </test-method> <!-- dbDisConnection -->
      </class> <!-- crm.OrgContTest.CreateContInduTest -->
      <class name="crm.ProdVendTest.CreateProductTest">
        <test-method is-config="true" signature="openBrowser()[pri:0, instance:crm.ProdVendTest.CreateProductTest@4fb3ee4e]" started-at="2022-03-25T00:03:23 IST" name="openBrowser" finished-at="2022-03-25T00:03:25 IST" duration-ms="2054" status="PASS">
          <reporter-output>
          </reporter-output>
        </test-method> <!-- openBrowser -->
        <test-method is-config="true" signature="loginProcess()[pri:0, instance:crm.ProdVendTest.CreateProductTest@4fb3ee4e]" started-at="2022-03-25T00:03:25 IST" name="loginProcess" finished-at="2022-03-25T00:03:30 IST" duration-ms="4713" status="PASS">
          <reporter-output>
          </reporter-output>
        </test-method> <!-- loginProcess -->
        <test-method signature="productCreateTest()[pri:0, instance:crm.ProdVendTest.CreateProductTest@4fb3ee4e]" started-at="2022-03-25T00:03:30 IST" name="productCreateTest" finished-at="2022-03-25T00:03:45 IST" duration-ms="15254" status="PASS">
          <reporter-output>
          </reporter-output>
        </test-method> <!-- productCreateTest -->
        <test-method is-config="true" signature="logoutProcess()[pri:0, instance:crm.ProdVendTest.CreateProductTest@4fb3ee4e]" started-at="2022-03-25T00:03:45 IST" name="logoutProcess" finished-at="2022-03-25T00:03:47 IST" duration-ms="1854" status="PASS">
          <reporter-output>
          </reporter-output>
        </test-method> <!-- logoutProcess -->
        <test-method is-config="true" signature="closeBrowser()[pri:0, instance:crm.ProdVendTest.CreateProductTest@4fb3ee4e]" started-at="2022-03-25T00:03:47 IST" name="closeBrowser" finished-at="2022-03-25T00:03:47 IST" duration-ms="178" status="PASS">
          <reporter-output>
          </reporter-output>
        </test-method> <!-- closeBrowser -->
      </class> <!-- crm.ProdVendTest.CreateProductTest -->
    </test> <!-- Test -->
  </suite> <!-- Suite -->
</testng-results>
